<?xml version="1.0" encoding="UTF-8"?>
<testsuites>
  <testsuite name="" tests="20" assertions="56" failures="1" errors="0" time="9.913617">
    <testsuite name="Tests_Wep_Theme" file="/var/www/weprotect.dev/tests/phpunit/tests/1-theme.php" tests="11" assertions="25" failures="0" errors="0" time="1.023800">
      <testcase name="test_theme_exists" class="Tests_Wep_Theme" file="/var/www/weprotect.dev/tests/phpunit/tests/1-theme.php" line="28" assertions="3" time="0.567155"/>
      <testcase name="test_theme_templates_exist" class="Tests_Wep_Theme" file="/var/www/weprotect.dev/tests/phpunit/tests/1-theme.php" line="34" assertions="7" time="0.028418"/>
      <testcase name="test_theme_functions_and_menus" class="Tests_Wep_Theme" file="/var/www/weprotect.dev/tests/phpunit/tests/1-theme.php" line="47" assertions="1" time="0.030057"/>
      <testcase name="test_navigation_menus_exist" class="Tests_Wep_Theme" file="/var/www/weprotect.dev/tests/phpunit/tests/1-theme.php" line="54" assertions="3" time="0.040161"/>
      <testcase name="test_theme_css_is_newer_than_sass" class="Tests_Wep_Theme" file="/var/www/weprotect.dev/tests/phpunit/tests/1-theme.php" line="65" assertions="2" time="0.128490"/>
      <testcase name="test_theme_has_core_functions" class="Tests_Wep_Theme" file="/var/www/weprotect.dev/tests/phpunit/tests/1-theme.php" line="69" assertions="1" time="0.036322"/>
      <testcase name="test_theme_has_content_block_post_type" class="Tests_Wep_Theme" file="/var/www/weprotect.dev/tests/phpunit/tests/1-theme.php" line="73" assertions="1" time="0.036069"/>
      <testcase name="test_theme_has_member_post_type" class="Tests_Wep_Theme" file="/var/www/weprotect.dev/tests/phpunit/tests/1-theme.php" line="78" assertions="1" time="0.041457"/>
      <testcase name="test_theme_has_board_post_type" class="Tests_Wep_Theme" file="/var/www/weprotect.dev/tests/phpunit/tests/1-theme.php" line="83" assertions="1" time="0.040868"/>
      <testcase name="test_theme_has_mnr_post_type" class="Tests_Wep_Theme" file="/var/www/weprotect.dev/tests/phpunit/tests/1-theme.php" line="88" assertions="1" time="0.037315"/>
      <testcase name="test_theme_widgets_registered" class="Tests_Wep_Theme" file="/var/www/weprotect.dev/tests/phpunit/tests/1-theme.php" line="103" assertions="4" time="0.037488"/>
    </testsuite>
    <testsuite name="Tests_Wep_Content" file="/var/www/weprotect.dev/tests/phpunit/tests/2-content.php" tests="5" assertions="6" failures="1" errors="0" time="6.118117">
      <testcase name="test_navigation_created" class="Tests_Wep_Content" file="/var/www/weprotect.dev/tests/phpunit/tests/2-content.php" line="14" assertions="1" time="0.050370"/>
      <testcase name="test_members_created" class="Tests_Wep_Content" file="/var/www/weprotect.dev/tests/phpunit/tests/2-content.php" line="18" assertions="1" time="5.088097"/>
      <testcase name="test_pages_created" class="Tests_Wep_Content" file="/var/www/weprotect.dev/tests/phpunit/tests/2-content.php" line="26" assertions="2" time="0.730567"/>
      <testcase name="test_blocks_created" class="Tests_Wep_Content" file="/var/www/weprotect.dev/tests/phpunit/tests/2-content.php" line="37" assertions="1" time="0.033444">
        <failure type="PHPUnit_Framework_ExpectationFailedException">Tests_Wep_Content::test_blocks_created
Failed asserting that false is true.

/var/www/weprotect.dev/tests/phpunit/tests/2-content.php:39
</failure>
        <system-out>string(40) "PAGE LINK FAIL (block: landing-banner): "
array(4) {
  ["name"]=&gt;
  string(11) "our-mission"
  ["post_type"]=&gt;
  string(4) "page"
  ["post_status"]=&gt;
  string(7) "publish"
  ["numberposts"]=&gt;
  int(1)
}
</system-out>
      </testcase>
      <testcase name="test_post_categories_created" class="Tests_Wep_Content" file="/var/www/weprotect.dev/tests/phpunit/tests/2-content.php" line="50" assertions="1" time="0.215639"/>
    </testsuite>
    <testsuite name="Tests_Wep_Forms" file="/var/www/weprotect.dev/tests/phpunit/tests/3-forms.php" tests="1" assertions="1" failures="0" errors="0" time="1.707168">
      <testcase name="test_apply_for_membership_form" class="Tests_Wep_Forms" file="/var/www/weprotect.dev/tests/phpunit/tests/3-forms.php" line="15" assertions="1" time="1.707168"/>
    </testsuite>
    <testsuite name="Tests_Wep_Plugin" file="/var/www/weprotect.dev/tests/phpunit/tests/4-plugins.php" tests="3" assertions="24" failures="0" errors="0" time="1.064532">
      <testcase name="test_required_plugins_installed" class="Tests_Wep_Plugin" file="/var/www/weprotect.dev/tests/phpunit/tests/4-plugins.php" line="14" assertions="14" time="1.060962"/>
      <testcase name="test_wep_plugin_class_exists" class="Tests_Wep_Plugin" file="/var/www/weprotect.dev/tests/phpunit/tests/4-plugins.php" line="58" assertions="1" time="0.001900"/>
      <testcase name="test_wep_plugin_methods_exist" class="Tests_Wep_Plugin" file="/var/www/weprotect.dev/tests/phpunit/tests/4-plugins.php" line="62" assertions="9" time="0.001670"/>
    </testsuite>
  </testsuite>
</testsuites>
