<?xml version="1.0" encoding="UTF-8"?>
<testsuites>
  <testsuite name="" tests="20" assertions="55" failures="0" errors="0" time="3.366161">
    <testsuite name="Tests_Wep_Theme" file="/var/www/weprotect.dev/tests/phpunit/tests/1-theme.php" tests="11" assertions="25" failures="0" errors="0" time="0.259322">
      <testcase name="test_theme_exists" class="Tests_Wep_Theme" file="/var/www/weprotect.dev/tests/phpunit/tests/1-theme.php" line="28" assertions="3" time="0.060515"/>
      <testcase name="test_theme_templates_exist" class="Tests_Wep_Theme" file="/var/www/weprotect.dev/tests/phpunit/tests/1-theme.php" line="34" assertions="7" time="0.019072"/>
      <testcase name="test_theme_functions_and_menus" class="Tests_Wep_Theme" file="/var/www/weprotect.dev/tests/phpunit/tests/1-theme.php" line="47" assertions="1" time="0.018009"/>
      <testcase name="test_navigation_menus_exist" class="Tests_Wep_Theme" file="/var/www/weprotect.dev/tests/phpunit/tests/1-theme.php" line="54" assertions="3" time="0.018347"/>
      <testcase name="test_theme_css_is_newer_than_sass" class="Tests_Wep_Theme" file="/var/www/weprotect.dev/tests/phpunit/tests/1-theme.php" line="65" assertions="2" time="0.032340"/>
      <testcase name="test_theme_has_core_functions" class="Tests_Wep_Theme" file="/var/www/weprotect.dev/tests/phpunit/tests/1-theme.php" line="69" assertions="1" time="0.018188"/>
      <testcase name="test_theme_has_content_block_post_type" class="Tests_Wep_Theme" file="/var/www/weprotect.dev/tests/phpunit/tests/1-theme.php" line="73" assertions="1" time="0.017959"/>
      <testcase name="test_theme_has_member_post_type" class="Tests_Wep_Theme" file="/var/www/weprotect.dev/tests/phpunit/tests/1-theme.php" line="78" assertions="1" time="0.019610"/>
      <testcase name="test_theme_has_board_post_type" class="Tests_Wep_Theme" file="/var/www/weprotect.dev/tests/phpunit/tests/1-theme.php" line="83" assertions="1" time="0.018189"/>
      <testcase name="test_theme_has_mnr_post_type" class="Tests_Wep_Theme" file="/var/www/weprotect.dev/tests/phpunit/tests/1-theme.php" line="88" assertions="1" time="0.018518"/>
      <testcase name="test_theme_widgets_registered" class="Tests_Wep_Theme" file="/var/www/weprotect.dev/tests/phpunit/tests/1-theme.php" line="103" assertions="4" time="0.018575"/>
    </testsuite>
    <testsuite name="Tests_Wep_Content" file="/var/www/weprotect.dev/tests/phpunit/tests/2-content.php" tests="5" assertions="5" failures="0" errors="0" time="2.356050">
      <testcase name="test_navigation_created" class="Tests_Wep_Content" file="/var/www/weprotect.dev/tests/phpunit/tests/2-content.php" line="14" assertions="1" time="0.051243"/>
      <testcase name="test_members_created" class="Tests_Wep_Content" file="/var/www/weprotect.dev/tests/phpunit/tests/2-content.php" line="18" assertions="1" time="2.260488"/>
      <testcase name="test_pages_created" class="Tests_Wep_Content" file="/var/www/weprotect.dev/tests/phpunit/tests/2-content.php" line="26" assertions="1" time="0.002370"/>
      <testcase name="test_blocks_created" class="Tests_Wep_Content" file="/var/www/weprotect.dev/tests/phpunit/tests/2-content.php" line="38" assertions="1" time="0.001779"/>
      <testcase name="test_post_categories_created" class="Tests_Wep_Content" file="/var/www/weprotect.dev/tests/phpunit/tests/2-content.php" line="51" assertions="1" time="0.040170"/>
    </testsuite>
    <testsuite name="Tests_Wep_Forms" file="/var/www/weprotect.dev/tests/phpunit/tests/3-forms.php" tests="1" assertions="1" failures="0" errors="0" time="0.437103">
      <testcase name="test_apply_for_membership_form" class="Tests_Wep_Forms" file="/var/www/weprotect.dev/tests/phpunit/tests/3-forms.php" line="15" assertions="1" time="0.437103"/>
    </testsuite>
    <testsuite name="Tests_Wep_Plugin" file="/var/www/weprotect.dev/tests/phpunit/tests/4-plugins.php" tests="3" assertions="24" failures="0" errors="0" time="0.313686">
      <testcase name="test_required_plugins_installed" class="Tests_Wep_Plugin" file="/var/www/weprotect.dev/tests/phpunit/tests/4-plugins.php" line="14" assertions="14" time="0.310297"/>
      <testcase name="test_wep_plugin_class_exists" class="Tests_Wep_Plugin" file="/var/www/weprotect.dev/tests/phpunit/tests/4-plugins.php" line="58" assertions="1" time="0.001821"/>
      <testcase name="test_wep_plugin_methods_exist" class="Tests_Wep_Plugin" file="/var/www/weprotect.dev/tests/phpunit/tests/4-plugins.php" line="62" assertions="9" time="0.001568"/>
    </testsuite>
  </testsuite>
</testsuites>
